/var/log$ cat cloud-init-output.log 
Cloud-init v. 21.1-19-gbad84ad4-0ubuntu1~16.04.2 running 'init-local' at Wed, 22 Dec 2021 16:17:48 +0000. Up 8.06 seconds.
Cloud-init v. 21.1-19-gbad84ad4-0ubuntu1~16.04.2 running 'init' at Wed, 22 Dec 2021 16:17:53 +0000. Up 13.04 seconds.
ci-info: +++++++++++++++++++++++++++++++++++++++Net device info+++++++++++++++++++++++++++++++++++++++
ci-info: +--------+------+------------------------------+---------------+--------+-------------------+
ci-info: | Device |  Up  |           Address            |      Mask     | Scope  |     Hw-Address    |
ci-info: +--------+------+------------------------------+---------------+--------+-------------------+
ci-info: |  eth0  | True |         172.31.85.69         | 255.255.240.0 | global | 12:a8:43:8f:79:a3 |
ci-info: |  eth0  | True | fe80::10a8:43ff:fe8f:79a3/64 |       .       |  link  | 12:a8:43:8f:79:a3 |
ci-info: |   lo   | True |          127.0.0.1           |   255.0.0.0   |  host  |         .         |
ci-info: |   lo   | True |           ::1/128            |       .       |  host  |         .         |
ci-info: +--------+------+------------------------------+---------------+--------+-------------------+
ci-info: +++++++++++++++++++++++++++++Route IPv4 info+++++++++++++++++++++++++++++
ci-info: +-------+-------------+-------------+---------------+-----------+-------+
ci-info: | Route | Destination |   Gateway   |    Genmask    | Interface | Flags |
ci-info: +-------+-------------+-------------+---------------+-----------+-------+
ci-info: |   0   |   0.0.0.0   | 172.31.80.1 |    0.0.0.0    |    eth0   |   UG  |
ci-info: |   1   | 172.31.80.0 |   0.0.0.0   | 255.255.240.0 |    eth0   |   U   |
ci-info: +-------+-------------+-------------+---------------+-----------+-------+
ci-info: +++++++++++++++++++Route IPv6 info+++++++++++++++++++
ci-info: +-------+-------------+---------+-----------+-------+
ci-info: | Route | Destination | Gateway | Interface | Flags |
ci-info: +-------+-------------+---------+-----------+-------+
ci-info: |   0   |  fe80::/64  |    ::   |    eth0   |   U   |
ci-info: |   3   |   ff00::/8  |    ::   |    eth0   |   U   |
ci-info: +-------+-------------+---------+-----------+-------+
Generating public/private rsa key pair.
Your identification has been saved in /etc/ssh/ssh_host_rsa_key.
Your public key has been saved in /etc/ssh/ssh_host_rsa_key.pub.
The key fingerprint is:
SHA256:MuRKCXiRgYbsWe3XKNfgpxW/FByAqr3CzqBZ5+1OL5U root@ip-172-31-85-69
The key's randomart image is:
+---[RSA 2048]----+
|o.oo.   ..o..    |
|o+.o . o . o     |
|+ = . + = o .    |
| + . B = = o     |
|    = B S.. .    |
|   o o +E  .     |
| .o o o.         |
|.oo= +..         |
|o .ooo+..        |
+----[SHA256]-----+
Generating public/private dsa key pair.
Your identification has been saved in /etc/ssh/ssh_host_dsa_key.
Your public key has been saved in /etc/ssh/ssh_host_dsa_key.pub.
The key fingerprint is:
SHA256:0O/37MgFZWqJqcr4tLYA4wENU+GOLUwtZBIrS550iOI root@ip-172-31-85-69
The key's randomart image is:
+---[DSA 1024]----+
|==o.             |
|=*o    .         |
|**oo  . .     o  |
|X*+    . . o =   |
|+E*     S + =    |
| o +     o . .   |
|  . . . . . . .  |
|     =.o   o =   |
|    .o*.    o.+  |
+----[SHA256]-----+
Generating public/private ecdsa key pair.
Your identification has been saved in /etc/ssh/ssh_host_ecdsa_key.
Your public key has been saved in /etc/ssh/ssh_host_ecdsa_key.pub.
The key fingerprint is:
SHA256:Ug/NCt4eh8rKRKwQnYDMT4z3B5F+BahKjzRRo518c9s root@ip-172-31-85-69
The key's randomart image is:
+---[ECDSA 256]---+
|= +o .+..        |
|.B+=o+   +       |
|..B++oo.+ o      |
| = +.+o*o=       |
|+ = o =.SEo      |
| + + . + o       |
|  . . o .        |
|   o .           |
|    o            |
+----[SHA256]-----+
Generating public/private ed25519 key pair.
Your identification has been saved in /etc/ssh/ssh_host_ed25519_key.
Your public key has been saved in /etc/ssh/ssh_host_ed25519_key.pub.
The key fingerprint is:
SHA256:7qVral8sWBT0AP086RrryzeIm/KYnR/LXc7i+3G4w8w root@ip-172-31-85-69
The key's randomart image is:
+--[ED25519 256]--+
|      .++        |
|        .+       |
|        .o..     |
|       .  =      |
|        S. .     |
|       +...  .   |
|      ..+=+++ .  |
|    .+o*=O++E+   |
|    o+BB%=+==.   |
+----[SHA256]-----+
Generating locales (this might take a while)...
  en_US.UTF-8... done
Generation complete.
Cloud-init v. 21.1-19-gbad84ad4-0ubuntu1~16.04.2 running 'modules:config' at Wed, 22 Dec 2021 16:19:32 +0000. Up 111.47 seconds.
/var/lib/cloud/instance/scripts/part-001: line 3: /opt/aws/bin/cfn-init: No such file or directory
/var/lib/cloud/instance/scripts/part-001: line 4: /opt/aws/bin/cfn-signal: No such file or directory
Cloud-init v. 21.1-19-gbad84ad4-0ubuntu1~16.04.2 running 'modules:final' at Wed, 22 Dec 2021 16:19:54 +0000. Up 134.20 seconds.
2021-12-22 16:19:56,141 - cc_scripts_user.py[WARNING]: Failed to run module scripts-user (scripts in /var/lib/cloud/instance/scripts)
2021-12-22 16:19:56,141 - util.py[WARNING]: Running module scripts-user (<module 'cloudinit.config.cc_scripts_user' from '/usr/lib/python3/dist-packages/cloudinit/config/cc_scripts_user.py'>) failed
Cloud-init v. 21.1-19-gbad84ad4-0ubuntu1~16.04.2 finished at Wed, 22 Dec 2021 16:19:56 +0000. Datasource DataSourceEc2Local.  Up 135.94 seconds